<?xml version="1.0" encoding="UTF-8"?>
<!-- Generated by org.testng.reporters.JUnitXMLReporter -->
<testsuite hostname="Khoa-THINK" name="Default test" tests="2" failures="0" timestamp="21 Nov 2014 23:23:29 GMT" time="14.644" errors="0">
  <testcase name="testLocationAndTopicQueries" time="0.009" classname="com.locationcast.repository.LocationRepositoryTest"/>
  <testcase name="testQueryForMaxDistanceInMile" time="0.038" classname="com.locationcast.repository.LocationRepositoryTest"/>
</testsuite> <!-- Default test -->
