<?xml version="1.0" encoding="UTF-8"?>
<testng-results skipped="0" failed="0" total="2" passed="2">
  <reporter-output>
  </reporter-output>
  <suite name="Default suite" duration-ms="14644" started-at="2014-11-21T23:23:15Z" finished-at="2014-11-21T23:23:29Z">
    <groups>
    </groups>
    <test name="Default test" duration-ms="14644" started-at="2014-11-21T23:23:15Z" finished-at="2014-11-21T23:23:29Z">
      <class name="com.locationcast.repository.LocationRepositoryTest">
        <test-method status="PASS" signature="init()[pri:0, instance:com.locationcast.repository.LocationRepositoryTest@4033d6f1]" name="init" is-config="true" duration-ms="14586" started-at="2014-11-21T15:23:15Z" finished-at="2014-11-21T15:23:29Z">
          <reporter-output>
          </reporter-output>
        </test-method> <!-- init -->
        <test-method status="PASS" signature="testLocationAndTopicQueries()[pri:0, instance:com.locationcast.repository.LocationRepositoryTest@4033d6f1]" name="testLocationAndTopicQueries" duration-ms="9" started-at="2014-11-21T15:23:29Z" finished-at="2014-11-21T15:23:29Z">
          <reporter-output>
          </reporter-output>
        </test-method> <!-- testLocationAndTopicQueries -->
        <test-method status="PASS" signature="testQueryForMaxDistanceInMile()[pri:0, instance:com.locationcast.repository.LocationRepositoryTest@4033d6f1]" name="testQueryForMaxDistanceInMile" duration-ms="38" started-at="2014-11-21T15:23:29Z" finished-at="2014-11-21T15:23:29Z">
          <reporter-output>
          </reporter-output>
        </test-method> <!-- testQueryForMaxDistanceInMile -->
      </class> <!-- com.locationcast.repository.LocationRepositoryTest -->
    </test> <!-- Default test -->
  </suite> <!-- Default suite -->
</testng-results>
